[debug] [2025-03-23T19:48:49.709Z] ----------------------------------------------------------------------
[debug] [2025-03-23T19:48:49.711Z] Command:       C:\Program Files\nodejs\node.exe C:\Users\Jaspe\AppData\Roaming\npm\node_modules\firebase-tools\lib\bin\firebase.js init hosting
[debug] [2025-03-23T19:48:49.712Z] CLI Version:   13.35.1
[debug] [2025-03-23T19:48:49.712Z] Platform:      win32
[debug] [2025-03-23T19:48:49.712Z] Node Version:  v22.13.1
[debug] [2025-03-23T19:48:49.712Z] Time:          Sun Mar 23 2025 19:48:49 GMT+0000 (Greenwich Mean Time)
[debug] [2025-03-23T19:48:49.712Z] ----------------------------------------------------------------------
[debug] 
[debug] [2025-03-23T19:48:49.718Z] > command requires scopes: ["email","openid","https://www.googleapis.com/auth/cloudplatformprojects.readonly","https://www.googleapis.com/auth/firebase","https://www.googleapis.com/auth/cloud-platform"]
[debug] [2025-03-23T19:48:49.719Z] > authorizing via signed-in user (jasper10355@gmail.com)
[info] 
     ######## #### ########  ######## ########     ###     ######  ########
     ##        ##  ##     ## ##       ##     ##  ##   ##  ##       ##
     ######    ##  ########  ######   ########  #########  ######  ######
     ##        ##  ##    ##  ##       ##     ## ##     ##       ## ##
     ##       #### ##     ## ######## ########  ##     ##  ######  ########

You're about to initialize a Firebase project in this directory:

  W:\p.colabdev

[info] 
=== Project Setup
[info] 
[info] First, let's associate this project directory with a Firebase project.
[info] You can create multiple project aliases by running firebase use --add, 
[info] but for now we'll just set up a default project.
[info] 
[info] i  If you want to create a project in a Google Cloud organization or folder, please use "firebase projects:create" instead, and return to this command when you've created the project. 
[debug] [2025-03-23T19:49:17.950Z] Checked if tokens are valid: true, expires at: 1742761258053
[debug] [2025-03-23T19:49:17.950Z] Checked if tokens are valid: true, expires at: 1742761258053
[debug] [2025-03-23T19:49:17.952Z] >>> [apiv2][query] POST https://cloudresourcemanager.googleapis.com/v1/projects [none]
[debug] [2025-03-23T19:49:17.952Z] >>> [apiv2][body] POST https://cloudresourcemanager.googleapis.com/v1/projects {"projectId":"pcolabdevproject","name":"pcolabdevproject"}
[debug] [2025-03-23T19:49:18.868Z] <<< [apiv2][status] POST https://cloudresourcemanager.googleapis.com/v1/projects 409
[debug] [2025-03-23T19:49:18.868Z] <<< [apiv2][body] POST https://cloudresourcemanager.googleapis.com/v1/projects {"error":{"code":409,"message":"Requested entity already exists","status":"ALREADY_EXISTS"}}
[debug] [2025-03-23T19:49:19.063Z] FirebaseError: Request to https://cloudresourcemanager.googleapis.com/v1/projects had HTTP Error: 409, Requested entity already exists
    at responseToError (C:\Users\Jaspe\AppData\Roaming\npm\node_modules\firebase-tools\lib\responseToError.js:52:12)
    at RetryOperation._fn (C:\Users\Jaspe\AppData\Roaming\npm\node_modules\firebase-tools\lib\apiv2.js:312:77)
    at process.processTicksAndRejections (node:internal/process/task_queues:105:5)
[error] 
[error] Error: Failed to create project because there is already a project with ID pcolabdevproject. Please try again with a unique project ID.
[debug] [2025-03-23T19:49:23.289Z] ----------------------------------------------------------------------
[debug] [2025-03-23T19:49:23.291Z] Command:       C:\Program Files\nodejs\node.exe C:\Users\Jaspe\AppData\Roaming\npm\node_modules\firebase-tools\lib\bin\firebase.js init hosting
[debug] [2025-03-23T19:49:23.292Z] CLI Version:   13.35.1
[debug] [2025-03-23T19:49:23.292Z] Platform:      win32
[debug] [2025-03-23T19:49:23.292Z] Node Version:  v22.13.1
[debug] [2025-03-23T19:49:23.292Z] Time:          Sun Mar 23 2025 19:49:23 GMT+0000 (Greenwich Mean Time)
[debug] [2025-03-23T19:49:23.292Z] ----------------------------------------------------------------------
[debug] 
[debug] [2025-03-23T19:49:23.299Z] > command requires scopes: ["email","openid","https://www.googleapis.com/auth/cloudplatformprojects.readonly","https://www.googleapis.com/auth/firebase","https://www.googleapis.com/auth/cloud-platform"]
[debug] [2025-03-23T19:49:23.299Z] > authorizing via signed-in user (jasper10355@gmail.com)
[info] 
     ######## #### ########  ######## ########     ###     ######  ########
     ##        ##  ##     ## ##       ##     ##  ##   ##  ##       ##
     ######    ##  ########  ######   ########  #########  ######  ######
     ##        ##  ##    ##  ##       ##     ## ##     ##       ## ##
     ##       #### ##     ## ######## ########  ##     ##  ######  ########

You're about to initialize a Firebase project in this directory:

  W:\p.colabdev

[info] 
=== Project Setup
[info] 
[info] First, let's associate this project directory with a Firebase project.
[info] You can create multiple project aliases by running firebase use --add, 
[info] but for now we'll just set up a default project.
[info] 
[info] i  If you want to create a project in a Google Cloud organization or folder, please use "firebase projects:create" instead, and return to this command when you've created the project. 
[debug] [2025-03-23T19:49:34.754Z] ----------------------------------------------------------------------
[debug] [2025-03-23T19:49:34.756Z] Command:       C:\Program Files\nodejs\node.exe C:\Users\Jaspe\AppData\Roaming\npm\node_modules\firebase-tools\lib\bin\firebase.js init hosting
[debug] [2025-03-23T19:49:34.756Z] CLI Version:   13.35.1
[debug] [2025-03-23T19:49:34.756Z] Platform:      win32
[debug] [2025-03-23T19:49:34.756Z] Node Version:  v22.13.1
[debug] [2025-03-23T19:49:34.757Z] Time:          Sun Mar 23 2025 19:49:34 GMT+0000 (Greenwich Mean Time)
[debug] [2025-03-23T19:49:34.757Z] ----------------------------------------------------------------------
[debug] 
[debug] [2025-03-23T19:49:34.763Z] > command requires scopes: ["email","openid","https://www.googleapis.com/auth/cloudplatformprojects.readonly","https://www.googleapis.com/auth/firebase","https://www.googleapis.com/auth/cloud-platform"]
[debug] [2025-03-23T19:49:34.763Z] > authorizing via signed-in user (jasper10355@gmail.com)
[info] 
     ######## #### ########  ######## ########     ###     ######  ########
     ##        ##  ##     ## ##       ##     ##  ##   ##  ##       ##
     ######    ##  ########  ######   ########  #########  ######  ######
     ##        ##  ##    ##  ##       ##     ## ##     ##       ## ##
     ##       #### ##     ## ######## ########  ##     ##  ######  ########

You're about to initialize a Firebase project in this directory:

  W:\p.colabdev

[info] 
=== Project Setup
[info] 
[info] First, let's associate this project directory with a Firebase project.
[info] You can create multiple project aliases by running firebase use --add, 
[info] but for now we'll just set up a default project.
[info] 
[debug] [2025-03-23T19:49:37.613Z] Checked if tokens are valid: true, expires at: 1742761258053
[debug] [2025-03-23T19:49:37.613Z] Checked if tokens are valid: true, expires at: 1742761258053
[debug] [2025-03-23T19:49:37.615Z] >>> [apiv2][query] GET https://firebase.googleapis.com/v1beta1/projects pageSize=100
[debug] [2025-03-23T19:49:38.334Z] <<< [apiv2][status] GET https://firebase.googleapis.com/v1beta1/projects 200
[debug] [2025-03-23T19:49:38.334Z] <<< [apiv2][body] GET https://firebase.googleapis.com/v1beta1/projects [omitted]
[info] i  Using project pcolabdevproject (pcolabdevproject) 
[info] 
=== Hosting Setup
[debug] [2025-03-23T19:49:42.594Z] Checked if tokens are valid: true, expires at: 1742761258053
[debug] [2025-03-23T19:49:42.594Z] Checked if tokens are valid: true, expires at: 1742761258053
[debug] [2025-03-23T19:49:42.594Z] >>> [apiv2][query] GET https://firebase.googleapis.com/v1beta1/projects/pcolabdevproject [none]
[debug] [2025-03-23T19:49:42.840Z] <<< [apiv2][status] GET https://firebase.googleapis.com/v1beta1/projects/pcolabdevproject 200
[debug] [2025-03-23T19:49:42.840Z] <<< [apiv2][body] GET https://firebase.googleapis.com/v1beta1/projects/pcolabdevproject {"projectId":"pcolabdevproject","projectNumber":"1034542589281","displayName":"pcolabdevproject","name":"projects/pcolabdevproject","resources":{"hostingSite":"pcolabdevproject"},"state":"ACTIVE","etag":"1_d853dea2-44fc-45d2-b5da-4eb23094dabf"}
[info] 
[info] Your public directory is the folder (relative to your project directory) that
[info] will contain Hosting assets to be uploaded with firebase deploy. If you
[info] have a build process for your assets, use your build's output directory.
[info] 
[debug] [2025-03-23T19:49:50.904Z] >>> [apiv2][query] GET https://www.gstatic.com/firebasejs/releases.json [none]
[debug] [2025-03-23T19:49:51.115Z] <<< [apiv2][status] GET https://www.gstatic.com/firebasejs/releases.json 200
[debug] [2025-03-23T19:49:51.115Z] <<< [apiv2][body] GET https://www.gstatic.com/firebasejs/releases.json {"current":{"version":"11.5.0","browserURL":"https://www.gstatic.com/firebasejs/11.5.0/firebase.js","packageURL":"https://www.gstatic.com/firebasejs/11.5.0/firebase.tgz"},"live":{"version":"11.5","browserURL":"https://www.gstatic.com/firebasejs/live/11.5/firebase.js","packageURL":"https://www.gstatic.com/firebasejs/live/11.5/firebase.tgz"},"components":{"analytics":"https://www.gstatic.com/firebasejs/11.5.0/firebase-analytics.js","app":"https://www.gstatic.com/firebasejs/11.5.0/firebase-app.js","app-check":"https://www.gstatic.com/firebasejs/11.5.0/firebase-app-check.js","auth":"https://www.gstatic.com/firebasejs/11.5.0/firebase-auth.js","auth/cordova":"https://www.gstatic.com/firebasejs/11.5.0/firebase-auth/cordova.js","auth/web-extension":"https://www.gstatic.com/firebasejs/11.5.0/firebase-auth/web-extension.js","functions":"https://www.gstatic.com/firebasejs/11.5.0/firebase-functions.js","firestore":"https://www.gstatic.com/firebasejs/11.5.0/firebase-firestore.js","firestore/lite":"https://www.gstatic.com/firebasejs/11.5.0/firebase-firestore/lite.js","installations":"https://www.gstatic.com/firebasejs/11.5.0/firebase-installations.js","storage":"https://www.gstatic.com/firebasejs/11.5.0/firebase-storage.js","performance":"https://www.gstatic.com/firebasejs/11.5.0/firebase-performance.js","remote-config":"https://www.gstatic.com/firebasejs/11.5.0/firebase-remote-config.js","messaging":"https://www.gstatic.com/firebasejs/11.5.0/firebase-messaging.js","messaging/sw":"https://www.gstatic.com/firebasejs/11.5.0/firebase-messaging/sw.js","database":"https://www.gstatic.com/firebasejs/11.5.0/firebase-database.js","vertexai":"https://www.gstatic.com/firebasejs/11.5.0/firebase-vertexai.js","data-connect":"https://www.gstatic.com/firebasejs/11.5.0/firebase-data-connect.js","firestore.memory":"https://www.gstatic.com/firebasejs/11.5.0/firebase-firestore.memory.js"}}
[info] i  y/index.html is unchanged 
[info] 
[info] i  Didn't detect a .git folder. Assuming W:\p.colabdev is the project root. 
[info] i  Authorizing with GitHub to upload your service account to a GitHub repository's secrets store. 
[info] 
[info] Visit this URL on this device to log in:
[info] https://github.com/login/oauth/authorize?client_id=89cf50f02ac6aaed3484&state=590370306&redirect_uri=http%3A%2F%2Flocalhost%3A9005&scope=read%3Auser%20repo%20public_repo
[info] 
[info] Waiting for authentication...
[debug] [2025-03-23T19:49:51.655Z] >>> [apiv2][query] POST https://github.com/login/oauth/access_token [none]
[debug] [2025-03-23T19:49:51.655Z] >>> [apiv2][body] POST https://github.com/login/oauth/access_token [stream]
[debug] [2025-03-23T19:49:52.028Z] <<< [apiv2][status] POST https://github.com/login/oauth/access_token 200
[debug] [2025-03-23T19:49:52.028Z] <<< [apiv2][body] POST https://github.com/login/oauth/access_token {"access_token":"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","token_type":"bearer","scope":"read:user,repo"}
[debug] [2025-03-23T19:49:52.034Z] >>> [apiv2][query] GET https://api.github.com/user [none]
[debug] [2025-03-23T19:49:52.398Z] <<< [apiv2][status] GET https://api.github.com/user 200
[debug] [2025-03-23T19:49:52.399Z] <<< [apiv2][body] GET https://api.github.com/user {"login":"Jasper1034","id":113243266,"node_id":"U_kgDOBr_0gg","avatar_url":"https://avatars.githubusercontent.com/u/113243266?v=4","gravatar_id":"","url":"https://api.github.com/users/Jasper1034","html_url":"https://github.com/Jasper1034","followers_url":"https://api.github.com/users/Jasper1034/followers","following_url":"https://api.github.com/users/Jasper1034/following{/other_user}","gists_url":"https://api.github.com/users/Jasper1034/gists{/gist_id}","starred_url":"https://api.github.com/users/Jasper1034/starred{/owner}{/repo}","subscriptions_url":"https://api.github.com/users/Jasper1034/subscriptions","organizations_url":"https://api.github.com/users/Jasper1034/orgs","repos_url":"https://api.github.com/users/Jasper1034/repos","events_url":"https://api.github.com/users/Jasper1034/events{/privacy}","received_events_url":"https://api.github.com/users/Jasper1034/received_events","type":"User","user_view_type":"private","site_admin":false,"name":"Jasper","company":null,"blog":"","location":null,"email":null,"hireable":null,"bio":"Default...","twitter_username":null,"notification_email":null,"public_repos":3,"public_gists":0,"followers":0,"following":1,"created_at":"2022-09-10T12:13:01Z","updated_at":"2025-03-23T09:53:21Z","private_gists":0,"total_private_repos":6,"owned_private_repos":6,"disk_usage":97,"collaborators":0,"two_factor_authentication":false,"plan":{"name":"free","space":976562499,"collaborators":0,"private_repos":10000}}
[info] 
[info] +  Success! Logged into GitHub as Jasper1034 
[info] 
[debug] [2025-03-23T19:50:15.289Z] >>> [apiv2][query] GET https://api.github.com/repos/Jasper1034/actions/secrets/public-key type=owner
[debug] [2025-03-23T19:50:15.666Z] <<< [apiv2][status] GET https://api.github.com/repos/Jasper1034/actions/secrets/public-key 404
[debug] [2025-03-23T19:50:15.666Z] <<< [apiv2][body] GET https://api.github.com/repos/Jasper1034/actions/secrets/public-key {"message":"Not Found","documentation_url":"https://docs.github.com/rest","status":"404"}
[info] 
[info] 
[error] !  The provided authorization cannot be used with this repository. If this repository is in an organization, did you remember to grant access? 
[info] 
[info] i  Action required: Visit this URL to ensure access has been granted to the appropriate organization(s) for the Firebase CLI GitHub OAuth App: 
[info] https://github.com/settings/connections/applications/89cf50f02ac6aaed3484
[info] 
[debug] [2025-03-23T19:50:16.726Z] >>> [apiv2][query] GET https://api.github.com/repos/Jasper1034/actions/secrets/public-key type=owner
[debug] [2025-03-23T19:50:16.912Z] <<< [apiv2][status] GET https://api.github.com/repos/Jasper1034/actions/secrets/public-key 404
[debug] [2025-03-23T19:50:16.912Z] <<< [apiv2][body] GET https://api.github.com/repos/Jasper1034/actions/secrets/public-key {"message":"Not Found","documentation_url":"https://docs.github.com/rest","status":"404"}
[info] 
[info] 
[error] !  The provided authorization cannot be used with this repository. If this repository is in an organization, did you remember to grant access? 
[info] 
[info] i  Action required: Visit this URL to ensure access has been granted to the appropriate organization(s) for the Firebase CLI GitHub OAuth App: 
[info] https://github.com/settings/connections/applications/89cf50f02ac6aaed3484
[info] 
[debug] [2025-03-23T19:50:17.284Z] >>> [apiv2][query] GET https://api.github.com/repos/Jasper1034/actions/secrets/public-key type=owner
[debug] [2025-03-23T19:50:17.455Z] <<< [apiv2][status] GET https://api.github.com/repos/Jasper1034/actions/secrets/public-key 404
[debug] [2025-03-23T19:50:17.455Z] <<< [apiv2][body] GET https://api.github.com/repos/Jasper1034/actions/secrets/public-key {"message":"Not Found","documentation_url":"https://docs.github.com/rest","status":"404"}
[info] 
[info] 
[error] !  The provided authorization cannot be used with this repository. If this repository is in an organization, did you remember to grant access? 
[info] 
[info] i  Action required: Visit this URL to ensure access has been granted to the appropriate organization(s) for the Firebase CLI GitHub OAuth App: 
[info] https://github.com/settings/connections/applications/89cf50f02ac6aaed3484
[info] 
[debug] [2025-03-23T19:50:17.468Z] >>> [apiv2][query] GET https://api.github.com/repos/Jasper1034/actions/secrets/public-key type=owner
[debug] [2025-03-23T19:50:17.651Z] <<< [apiv2][status] GET https://api.github.com/repos/Jasper1034/actions/secrets/public-key 404
[debug] [2025-03-23T19:50:17.651Z] <<< [apiv2][body] GET https://api.github.com/repos/Jasper1034/actions/secrets/public-key {"message":"Not Found","documentation_url":"https://docs.github.com/rest","status":"404"}
[info] 
[info] 
[error] !  The provided authorization cannot be used with this repository. If this repository is in an organization, did you remember to grant access? 
[info] 
[info] i  Action required: Visit this URL to ensure access has been granted to the appropriate organization(s) for the Firebase CLI GitHub OAuth App: 
[info] https://github.com/settings/connections/applications/89cf50f02ac6aaed3484
[info] 
[debug] [2025-03-23T19:50:17.655Z] >>> [apiv2][query] GET https://api.github.com/repos/Jasper1034/actions/secrets/public-key type=owner
[debug] [2025-03-23T19:50:17.824Z] <<< [apiv2][status] GET https://api.github.com/repos/Jasper1034/actions/secrets/public-key 404
[debug] [2025-03-23T19:50:17.824Z] <<< [apiv2][body] GET https://api.github.com/repos/Jasper1034/actions/secrets/public-key {"message":"Not Found","documentation_url":"https://docs.github.com/rest","status":"404"}
[info] 
[info] 
[error] !  The provided authorization cannot be used with this repository. If this repository is in an organization, did you remember to grant access? 
[info] 
[info] i  Action required: Visit this URL to ensure access has been granted to the appropriate organization(s) for the Firebase CLI GitHub OAuth App: 
[info] https://github.com/settings/connections/applications/89cf50f02ac6aaed3484
[info] 
[debug] [2025-03-23T19:50:17.831Z] >>> [apiv2][query] GET https://api.github.com/repos/Jasper1034/actions/secrets/public-key type=owner
[debug] [2025-03-23T19:50:17.996Z] >>> [apiv2][query] GET https://api.github.com/repos//actions/secrets/public-key type=owner
[debug] [2025-03-23T19:50:17.999Z] <<< [apiv2][status] GET https://api.github.com/repos/Jasper1034/actions/secrets/public-key 404
[debug] [2025-03-23T19:50:17.999Z] <<< [apiv2][body] GET https://api.github.com/repos/Jasper1034/actions/secrets/public-key {"message":"Not Found","documentation_url":"https://docs.github.com/rest","status":"404"}
[info] 
[info] 
[error] !  The provided authorization cannot be used with this repository. If this repository is in an organization, did you remember to grant access? 
[info] 
[info] i  Action required: Visit this URL to ensure access has been granted to the appropriate organization(s) for the Firebase CLI GitHub OAuth App: 
[info] https://github.com/settings/connections/applications/89cf50f02ac6aaed3484
[info] 
[debug] [2025-03-23T19:50:18.287Z] <<< [apiv2][status] GET https://api.github.com/repos//actions/secrets/public-key 404
[debug] [2025-03-23T19:50:18.287Z] <<< [apiv2][body] GET https://api.github.com/repos//actions/secrets/public-key {"message":"Not Found","documentation_url":"https://docs.github.com/rest","status":"404"}
[info] 
[info] 
[error] !  The provided authorization cannot be used with this repository. If this repository is in an organization, did you remember to grant access? 
[info] 
[info] i  Action required: Visit this URL to ensure access has been granted to the appropriate organization(s) for the Firebase CLI GitHub OAuth App: 
[info] https://github.com/settings/connections/applications/89cf50f02ac6aaed3484
[info] 
